0 info it worked if it ends with ok
1 verbose cli [ '/usr/local/Cellar/node/0.8.9/bin/node',
1 verbose cli   '/usr/local/bin/npm',
1 verbose cli   'find',
1 verbose cli   'forever' ]
2 info using npm@1.1.61
3 info using node@v0.8.9
4 warn Building the local index for the first time, please be patient
5 verbose url raw /-/all
6 verbose url resolving [ 'https://registry.npmjs.org/', './-/all' ]
7 verbose url resolved https://registry.npmjs.org/-/all
8 info trying registry request attempt 1 at 20:54:01
9 http GET https://registry.npmjs.org/-/all
10 info retry will retry, error on last attempt: Error: getaddrinfo ENOENT
11 info trying registry request attempt 2 at 20:54:41
12 http GET https://registry.npmjs.org/-/all
13 info retry will retry, error on last attempt: Error: getaddrinfo ENOENT
14 info trying registry request attempt 3 at 20:56:11
15 http GET https://registry.npmjs.org/-/all
16 error Error: getaddrinfo ENOENT
16 error     at errnoException (dns.js:31:11)
16 error     at Object.onanswer [as oncomplete] (dns.js:123:16)
17 error If you need help, you may report this log at:
17 error     <http://github.com/isaacs/npm/issues>
17 error or email it to:
17 error     <npm-@googlegroups.com>
18 error System Darwin 12.5.0
19 error command "/usr/local/Cellar/node/0.8.9/bin/node" "/usr/local/bin/npm" "find" "forever"
20 error cwd /Users/manuel/solink/nas/onvif
21 error node -v v0.8.9
22 error npm -v 1.1.61
23 error syscall getaddrinfo
24 error code ENOTFOUND
25 error errno ENOTFOUND
26 verbose exit [ 1, true ]
