[33mwarn[39m:    --minUptime not set. Defaulting to: 1000ms
[33mwarn[39m:    --spinSleepTime not set. Your script will exit if it does not stay up for at least 1000ms
info: socket.io started
- - - cpu usage module - - -
sensorsInfo module
{ development: true }
/dev/sda -d scsi # /dev/sda, SCSI device
/dev/sdb -d scsi # /dev/sdb, SCSI device
/dev/sdc -d scsi # /dev/sdc, SCSI device
/dev/sdd -d scsi # /dev/sdd, SCSI device

null
cat ./helpers/smartctl_scan
initializing camera D6F8toRuZkOiumoj
record constructor
camera: axis
folder: /Users/manuel/solink/nas/cameras/D6F8toRuZkOiumoj
rtsp: rtsp://192.168.215.66/axis-media/media.amp
this.schedule_enabled: false
this.enabled: false
should be recording? false
this.schedule_enabled: false
this.enabled: false
stopping camera axis
axis is already stopped.
initializing camera LoZ0lkvoO0wFZPBA
record constructor
camera: vlc
folder: /Users/manuel/solink/nas/cameras/LoZ0lkvoO0wFZPBA
rtsp: http://localhost:1234
this.schedule_enabled: false
this.enabled: false
should be recording? false
this.schedule_enabled: false
this.enabled: false
stopping camera vlc
vlc is already stopped.

     echo: off
  explain: off
  headers: off
     mode: csv
nullvalue: ""
   output: stdout
separator: ","
    stats: off
    width: 


     echo: off
  explain: off
  headers: off
     mode: csv
nullvalue: ""
   output: stdout
separator: ","
    stats: off
    width: 

